<?xml version="1.0" encoding="UTF-8"?>
<testsuite name="RupeeTest" tests="2" skipped="0" failures="0" errors="0" timestamp="2021-03-17T05:17:19" hostname="DESKTOP-EDLROQB" time="0.025">
  <properties/>
  <testcase name="TestifTwoObjectWithSameValuesAreSame()" classname="RupeeTest" time="0.023"/>
  <testcase name="TestifTwoObjectWithSameValuesAreNotSame()" classname="RupeeTest" time="0.001"/>
  <system-out><![CDATA[]]></system-out>
  <system-err><![CDATA[]]></system-err>
</testsuite>
